SF:lib/models/expense_models.dart
DA:21,2
DA:38,2
DA:39,2
DA:40,2
DA:41,4
DA:42,2
DA:43,2
DA:44,2
DA:45,4
DA:46,2
DA:47,2
DA:48,2
DA:49,2
DA:50,2
DA:51,4
DA:53,2
DA:54,2
DA:55,6
DA:56,2
DA:58,2
DA:63,1
DA:64,1
DA:65,2
DA:66,2
DA:67,2
DA:68,2
DA:69,3
DA:70,2
DA:71,4
DA:83,2
DA:90,2
DA:91,2
DA:92,2
DA:93,2
DA:94,4
DA:95,2
DA:111,2
DA:122,1
DA:123,1
DA:124,1
DA:125,1
DA:126,1
DA:127,1
DA:128,1
DA:129,1
DA:130,1
DA:133,3
DA:134,2
DA:141,2
DA:145,2
DA:147,2
DA:148,2
DA:149,2
DA:150,2
DA:151,4
DA:152,2
DA:153,4
DA:154,2
DA:172,2
DA:173,2
DA:174,2
DA:176,2
DA:178,2
DA:191,0
LF:64
LH:63
end_of_record
SF:lib/services/api_service.dart
DA:8,0
DA:10,0
DA:11,0
DA:19,0
DA:26,0
DA:28,0
DA:37,0
DA:38,0
DA:40,0
DA:41,0
DA:42,0
DA:45,0
DA:53,0
DA:55,0
DA:56,0
DA:60,0
DA:61,0
DA:64,0
DA:66,0
DA:69,0
DA:71,0
DA:73,0
DA:75,0
DA:76,0
DA:77,0
DA:78,0
DA:82,0
DA:84,0
DA:85,0
DA:86,0
DA:87,0
DA:88,0
DA:89,0
DA:93,0
DA:95,0
DA:96,0
DA:97,0
DA:98,0
DA:99,0
DA:103,0
DA:105,0
DA:106,0
DA:107,0
DA:108,0
DA:109,0
DA:113,0
DA:115,0
DA:116,0
DA:117,0
DA:118,0
DA:119,0
DA:120,0
DA:122,0
DA:123,0
DA:127,0
DA:132,0
DA:133,0
DA:134,0
DA:135,0
DA:136,0
DA:137,0
DA:139,0
DA:140,0
DA:144,0
DA:149,0
DA:150,0
DA:151,0
DA:152,0
DA:153,0
DA:154,0
DA:156,0
DA:157,0
DA:161,0
DA:166,0
DA:167,0
DA:168,0
DA:169,0
DA:170,0
DA:171,0
DA:173,0
DA:174,0
DA:178,0
DA:179,0
DA:182,0
DA:186,0
DA:188,0
DA:191,0
DA:193,0
DA:196,0
DA:197,0
DA:200,0
DA:204,0
DA:206,0
DA:208,0
DA:211,0
DA:212,0
DA:215,0
DA:216,0
DA:219,0
DA:220,0
DA:223,0
DA:224,0
DA:227,0
DA:231,0
DA:232,0
DA:233,0
DA:238,0
DA:239,0
DA:242,0
DA:243,0
DA:246,0
DA:247,0
DA:250,0
DA:251,0
DA:254,0
DA:258,0
DA:259,0
DA:260,0
DA:265,0
DA:269,0
DA:272,0
DA:276,0
DA:281,0
DA:282,0
DA:283,0
DA:285,0
DA:286,0
DA:288,0
DA:292,0
DA:294,0
DA:296,0
DA:300,0
DA:306,0
DA:307,0
DA:308,0
DA:310,0
DA:311,0
DA:313,0
DA:317,0
DA:322,0
DA:324,0
DA:328,0
DA:329,0
DA:330,0
DA:331,0
DA:332,0
DA:334,0
DA:335,0
DA:337,0
DA:340,0
LF:150
LH:0
end_of_record
SF:lib/services/expense_service.dart
DA:5,0
DA:6,0
DA:7,0
DA:14,0
DA:18,0
DA:20,0
DA:21,0
DA:23,0
DA:26,0
DA:29,0
DA:39,0
DA:44,0
DA:49,0
DA:50,0
DA:51,0
DA:52,0
DA:54,0
DA:56,0
DA:58,0
DA:59,0
DA:60,0
DA:63,0
DA:66,0
DA:69,0
DA:76,0
DA:78,0
DA:80,0
DA:81,0
DA:83,0
DA:86,0
DA:89,0
DA:100,0
DA:106,0
DA:112,0
DA:113,0
DA:114,0
DA:115,0
DA:117,0
DA:119,0
DA:121,0
DA:122,0
DA:123,0
DA:126,0
DA:129,0
DA:132,0
DA:142,0
DA:147,0
DA:152,0
DA:153,0
DA:154,0
DA:155,0
DA:157,0
DA:160,0
DA:163,0
DA:170,0
DA:174,0
DA:175,0
DA:186,1
DA:194,4
DA:197,4
LF:60
LH:3
end_of_record
SF:lib/utils/expense_calculation_utils.dart
DA:10,2
DA:14,2
DA:15,1
DA:18,2
DA:19,1
DA:22,2
DA:23,2
DA:26,4
DA:27,2
DA:28,2
DA:31,4
DA:35,2
DA:36,1
DA:39,6
DA:47,1
DA:50,1
DA:51,1
DA:58,2
DA:59,2
DA:60,1
DA:67,4
DA:70,3
DA:71,1
DA:73,2
DA:77,1
DA:82,1
DA:86,1
DA:87,1
DA:93,1
DA:94,1
DA:101,2
DA:102,2
DA:103,1
DA:110,4
DA:113,3
DA:114,1
DA:116,3
DA:120,1
DA:125,1
DA:129,1
DA:130,1
DA:133,1
DA:134,1
DA:137,1
DA:143,2
DA:144,4
DA:145,2
DA:146,1
DA:149,1
DA:151,1
DA:156,1
DA:157,2
DA:158,0
DA:166,1
DA:172,1
DA:173,1
DA:179,1
DA:180,1
DA:187,1
DA:189,1
DA:191,1
DA:193,2
DA:194,1
DA:195,1
DA:201,1
DA:203,1
DA:205,2
DA:206,1
DA:207,1
DA:213,1
DA:219,1
DA:226,1
DA:227,1
DA:229,1
DA:230,1
DA:232,1
DA:234,1
DA:239,1
DA:240,2
DA:244,1
DA:245,3
DA:250,1
DA:255,1
DA:256,1
DA:259,1
DA:260,1
DA:263,1
DA:267,1
DA:268,1
DA:269,2
DA:270,2
DA:274,1
DA:275,1
DA:276,2
DA:277,2
DA:291,1
DA:296,1
DA:298,3
LF:98
LH:97
end_of_record
